<?xml version="1.0" encoding="UTF-8"?>
<!-- Generated by org.testng.reporters.JUnitXMLReporter -->
<testsuite ignored="1" hostname="DESKTOP-F9J01IG" failures="0" tests="1" name="Default test" time="20.807" errors="0" timestamp="2024-08-10T13:57:49 EDT">
  <testcase classname="testNGConcept.TestNGPrac" name="loginTest" time="10.765"/>
  <testcase classname="testNGConcept.TestNGPrac" name="addCustTestCase" time="0.0">
    <ignored/>
  </testcase> <!-- addCustTestCase -->
</testsuite> <!-- Default test -->
