<?xml version="1.0" encoding="UTF-8"?>
<testng-results ignored="1" total="2" passed="1" failed="0" skipped="0">
  <reporter-output>
  </reporter-output>
  <suite started-at="2024-08-10T13:57:28 EDT" name="Default suite" finished-at="2024-08-10T13:57:49 EDT" duration-ms="20807">
    <groups>
    </groups>
    <test started-at="2024-08-10T13:57:28 EDT" name="Default test" finished-at="2024-08-10T13:57:49 EDT" duration-ms="20807">
      <class name="testNGConcept.TestNGPrac">
        <test-method is-config="true" signature="readConfigFile()[pri:0, instance:testNGConcept.TestNGPrac@242b836]" started-at="2024-08-10T13:57:28 EDT" name="readConfigFile" finished-at="2024-08-10T13:57:28 EDT" duration-ms="21" status="PASS">
          <reporter-output>
          </reporter-output>
        </test-method> <!-- readConfigFile -->
        <test-method is-config="true" signature="init()[pri:0, instance:testNGConcept.TestNGPrac@242b836]" started-at="2024-08-10T13:57:28 EDT" name="init" finished-at="2024-08-10T13:57:38 EDT" duration-ms="9966" status="PASS">
          <reporter-output>
          </reporter-output>
        </test-method> <!-- init -->
        <test-method signature="loginTest()[pri:0, instance:testNGConcept.TestNGPrac@242b836]" started-at="2024-08-10T13:57:38 EDT" name="loginTest" finished-at="2024-08-10T13:57:49 EDT" duration-ms="10765" status="PASS">
          <reporter-output>
          </reporter-output>
        </test-method> <!-- loginTest -->
      </class> <!-- testNGConcept.TestNGPrac -->
    </test> <!-- Default test -->
  </suite> <!-- Default suite -->
</testng-results>
